<?xml version="1.0" encoding="UTF-8" ?>
<testsuite errors="0" failures="0" hostname="DESKTOP-HKD7AL0" name="com.choucair.formacion.RunnerTags" skipped="0" tests="8" time="12.251" timestamp="2019-05-18T05:04:43">
  <properties>
[...]
</properties>
  <testcase classname="Scenario: Diligenciamiento exitoso del formulario Popup Validation" name="Given Autentico en ColorLib con usuario &quot;demo&quot; y clave &quot;demo&quot;" time="0.001" />
  <testcase classname="Scenario: Diligenciamiento exitoso del formulario Popup Validation" name="And Ingreso a la funcionalidad Forms Validation" time="0.0" />
  <testcase classname="Scenario: Diligenciamiento exitoso del formulario Popup Validation" name="When Diligencio Formulario Popup Validation" time="0.0" />
  <testcase classname="Scenario: Diligenciamiento exitoso del formulario Popup Validation" name="Then Verifico Ingreso Exitoso" time="0.0" />
  <testcase classname="junit.framework.TestSuite" name="Scenario: Diligenciamiento exitoso del formulario Popup Validation" time="12.033" />
  <system-out><![CDATA[Setting runtime options in createRuntime()

1 Scenarios ([32m1 passed[0m)
4 Steps ([32m4 passed[0m)
0m8,630s

]]></system-out>
  <system-err><![CDATA[712 [main] INFO net.serenitybdd.core.Serenity - 

-------------------------------------------------------------------------------------
     _______. _______ .______       _______ .__   __.  __  .___________.____    ____ 
    /       ||   ____||   _  \     |   ____||  \ |  | |  | |           |\   \  /   / 
   |   (----`|  |__   |  |_)  |    |  |__   |   \|  | |  | `---|  |----` \   \/   /  
    \   \    |   __|  |      /     |   __|  |  . `  | |  |     |  |       \_    _/   
.----)   |   |  |____ |  |\  \----.|  |____ |  |\   | |  |     |  |         |  |     
|_______/    |_______|| _| `._____||_______||__| \__| |__|     |__|         |__|    
-------------------------------------------------------------------------------------

714 [main] INFO net.serenitybdd.core.Serenity - Test Suite Started: Formulario Popup Validation
885 [main] INFO net.serenitybdd.core.Serenity - 
 _____ _____ ____ _____   ____ _____  _    ____ _____ _____ ____  
|_   _| ____/ ___|_   _| / ___|_   _|/ \  |  _ \_   _| ____|  _ \ 
  | | |  _| \___ \ | |   \___ \ | | / _ \ | |_) || | |  _| | | | |
  | | | |___ ___) || |    ___) || |/ ___ \|  _ < | | | |___| |_| |
  |_| |_____|____/ |_|   |____/ |_/_/   \_\_| \_\|_| |_____|____/ 
                                                                  

TEST STARTED: Diligenciamiento exitoso del formulario Popup Validation
-------------------------------------------------------------------(formulario-popup-validation;diligenciamiento-exitoso-del-formulario-popup-validation)
Starting ChromeDriver 2.46.628402 (536cd7adbad73a3783fdc2cab92ab2ba7ec361e1) on port 30595
Only local connections are allowed.
Please protect ports used by ChromeDriver and related test frameworks to prevent access by malicious code.
may 18, 2019 12:04:47 AM org.openqa.selenium.remote.ProtocolHandshake createSession
INFORMACIÓN: Detected dialect: OSS
11215 [main] INFO net.serenitybdd.core.Serenity - 
        __    _____ _____ ____ _____   ____   _    ____  ____  _____ ____  
  _     \ \  |_   _| ____/ ___|_   _| |  _ \ / \  / ___|/ ___|| ____|  _ \ 
 (_)_____| |   | | |  _| \___ \ | |   | |_) / _ \ \___ \\___ \|  _| | | | |
  _|_____| |   | | | |___ ___) || |   |  __/ ___ \ ___) |___) | |___| |_| |
 (_)     | |   |_| |_____|____/ |_|   |_| /_/   \_\____/|____/|_____|____/ 
        /_/                                                                

TEST PASSED: Diligenciamiento exitoso del formulario Popup Validation
----------------------------------------------------------------------------
11615 [pool-1-thread-1] INFO net.thucydides.core.reports.json.JSONTestOutcomeReporter - Generating JSON report for Diligenciamiento exitoso del formulario Popup Validation to file D:\Proyecto Marco ColorLib TDD\com.choucair.base\target\site\serenity\formulario-popup-validation_diligenciamiento-exitoso-del-formulario-popup-validation.json (using temp file D:\Proyecto Marco ColorLib TDD\com.choucair.base\target\site\serenity\formulario-popup-validation_diligenciamiento-exitoso-del-formulario-popup-validation.jsonf19c0637-179d-4e21-9dd4-5e420946d307)
12669 [pool-2-thread-1] INFO net.thucydides.core.reports.html.HtmlAcceptanceTestReporter - GENERATING HTML REPORT FOR Formulario Popup Validation:Diligenciamiento exitoso del formulario Popup Validation in formulario-popup-validation_diligenciamiento-exitoso-del-formulario-popup-validation.html in directory target\site\serenity  
]]></system-err>
</testsuite>
